--00:00:00:00.000 136569-- 
--00:00:00:00.000 136569-- Valgrind options:
--00:00:00:00.000 136569--    --tool=memcheck
--00:00:00:00.000 136569--    --xml=yes
--00:00:00:00.000 136569--    --xml-file=/tmp/clion-valgrind8f597714-bda2-4bfc-9ee2-4f3c9aa963e9/valgrind_output_%p
--00:00:00:00.000 136569--    --gen-suppressions=all
--00:00:00:00.000 136569--    --leak-check=full
--00:00:00:00.000 136569--    --leak-resolution=high
--00:00:00:00.000 136569--    --track-origins=yes
--00:00:00:00.000 136569--    --show-leak-kinds=all
--00:00:00:00.000 136569--    --verbose
--00:00:00:00.000 136569--    --show-mismatched-frees=yes
--00:00:00:00.000 136569--    --track-fds=yes
--00:00:00:00.000 136569--    --show-reachable=yes
--00:00:00:00.000 136569--    --show-possibly-lost=yes
--00:00:00:00.000 136569--    --num-callers=30
--00:00:00:00.000 136569--    --partial-loads-ok=no
--00:00:00:00.000 136569--    --undef-value-errors=yes
--00:00:00:00.000 136569--    --expensive-definedness-checks=yes
--00:00:00:00.000 136569--    --vgdb=full
--00:00:00:00.000 136569--    --child-silent-after-fork=yes
--00:00:00:00.000 136569--    --trace-children=no
--00:00:00:00.000 136569--    --error-exitcode=1
--00:00:00:00.000 136569--    --time-stamp=yes
--00:00:00:00.000 136569--    --keep-debuginfo=yes
--00:00:00:00.000 136569--    --read-inline-info=yes
--00:00:00:00.000 136569--    --read-var-info=yes
--00:00:00:00.000 136569--    --show-error-list=yes
--00:00:00:00.000 136569--    --log-file=valgrind-log.%p.log
--00:00:00:00.000 136569--    --suppressions=/usr/libexec/valgrind/default.supp
--00:00:00:00.000 136569-- Contents of /proc/version:
--00:00:00:00.000 136569--   Linux version 6.16.11-200.fc42.x86_64 (mockbuild@2a5103c3cf1c4acbaad71d7113e31c7b) (gcc (GCC) 15.2.1 20250808 (Red Hat 15.2.1-1), GNU ld version 2.44-6.fc42) #1 SMP PREEMPT_DYNAMIC Mon Oct  6 20:00:39 UTC 2025
--00:00:00:00.000 136569-- 
--00:00:00:00.000 136569-- Arch and hwcaps: AMD64, LittleEndian, amd64-cx16-lzcnt-rdtscp-sse3-ssse3-avx-avx2-bmi-f16c-rdrand-rdseed-fma
--00:00:00:00.000 136569-- Page sizes: currently 4096, max supported 4096
--00:00:00:00.000 136569-- Valgrind library directory: /usr/libexec/valgrind
--00:00:00:00.077 136569-- Reading syms from /home/drmlopes/CLionProjects/22000297/AED_1/cmake-build-debug/AED_1
--00:00:00:00.078 136569-- Reading syms from /usr/lib64/ld-linux-x86-64.so.2
--00:00:00:00.103 136569-- Warning: cross-CU LIMITATION: some inlined fn names
--00:00:00:00.103 136569-- might be shown as UnknownInlinedFun
--00:00:00:00.171 136569-- warning: addVar: unknown size (buf)
--00:00:00:00.171 136569-- warning: addVar: unknown size (buf)
--00:00:00:00.171 136569-- warning: addVar: unknown size (buf)
--00:00:00:00.171 136569-- warning: addVar: unknown size (buf)
--00:00:00:00.171 136569-- warning: addVar: unknown size (buf)
--00:00:00:00.171 136569-- warning: addVar: unknown size (buf)
--00:00:00:00.171 136569-- warning: addVar: unknown size (buf)
--00:00:00:00.171 136569-- warning: addVar: unknown size (loadcmds)
--00:00:00:00.171 136569-- warning: addVar: unknown size (loadcmds)
--00:00:00:00.171 136569-- warning: addVar: unknown size (loadcmds)
--00:00:00:00.180 136569-- Reading syms from /usr/libexec/valgrind/memcheck-amd64-linux
--00:00:00:00.188 136569-- Scheduler: using generic scheduler lock implementation.
--00:00:00:00.191 136569-- Reading suppressions file: /usr/libexec/valgrind/default.supp
--00:00:00:00.192 136569-- Reading suppressions file: /usr/libexec/valgrind/default.supp
==00:00:00:00.194 136569== embedded gdbserver: reading from /tmp/vgdb-pipe-from-vgdb-to-136569-by-drmlopes-on-fedora
==00:00:00:00.194 136569== embedded gdbserver: writing to   /tmp/vgdb-pipe-to-vgdb-from-136569-by-drmlopes-on-fedora
==00:00:00:00.194 136569== embedded gdbserver: shared mem   /tmp/vgdb-pipe-shared-mem-vgdb-136569-by-drmlopes-on-fedora
==00:00:00:00.194 136569== 
==00:00:00:00.194 136569== TO CONTROL THIS PROCESS USING vgdb (which you probably
==00:00:00:00.194 136569== don't want to do, unless you know exactly what you're doing,
==00:00:00:00.194 136569== or are doing some strange experiment):
==00:00:00:00.194 136569==   /usr/libexec/valgrind/../../bin/vgdb --pid=136569 ...command...
==00:00:00:00.194 136569== 
==00:00:00:00.194 136569== TO DEBUG THIS PROCESS USING GDB: start GDB like this
==00:00:00:00.194 136569==   /path/to/gdb /home/drmlopes/CLionProjects/22000297/AED_1/cmake-build-debug/AED_1
==00:00:00:00.194 136569== and then give GDB the following command
==00:00:00:00.194 136569==   target remote | /usr/libexec/valgrind/../../bin/vgdb --pid=136569
==00:00:00:00.194 136569== --pid is optional if only one valgrind process is running
==00:00:00:00.194 136569== 
==00:00:00:00.264 136569== Downloading debug info for /usr/libexec/valgrind/memcheck-amd64-linux...
--00:00:00:00.336 136569--   Considering /home/drmlopes/.cache/debuginfod_client/754e638d7d8e5a4ee6c2b5456c053a50d89ae698/debuginfo ..
--00:00:00:00.409 136569--   .. CRC is valid
==00:00:00:00.409 136569== Successfully downloaded debug file for /usr/libexec/valgrind/memcheck-amd64-linux
==00:00:00:00.409 136569== Downloading debug info for /home/drmlopes/.cache/debuginfod_client/754e638d7d8e5a4ee6c2b5456c053a50d89ae698/debuginfo...
--00:00:00:00.498 136569--   Considering /home/drmlopes/.cache/debuginfod_client/3e399a29d5322d083cfee11d8bb47ad6f1ef076b/debuginfo ..
--00:00:00:00.499 136569--   .. build-id is valid
==00:00:00:00.499 136569== Successfully downloaded debug file for /home/drmlopes/.cache/debuginfod_client/754e638d7d8e5a4ee6c2b5456c053a50d89ae698/debuginfo
--00:00:00:01.577 136569-- REDIR: 0x4026960 (ld-linux-x86-64.so.2:strlen) redirected to 0x5823e2bd (vgPlain_amd64_linux_REDIR_FOR_strlen)
--00:00:00:01.593 136569-- REDIR: 0x4025320 (ld-linux-x86-64.so.2:strcmp) redirected to 0x5823e2d7 (vgPlain_amd64_linux_REDIR_FOR_strcmp)
--00:00:00:01.599 136569-- REDIR: 0x40250f0 (ld-linux-x86-64.so.2:index) redirected to 0x5823e310 (vgPlain_amd64_linux_REDIR_FOR_index)
--00:00:00:01.603 136569-- REDIR: 0x4024480 (ld-linux-x86-64.so.2:bcmp) redirected to 0x5823e2f2 (vgPlain_amd64_linux_REDIR_FOR_memcmp)
--00:00:00:01.644 136569-- Reading syms from /usr/libexec/valgrind/vgpreload_core-amd64-linux.so
--00:00:00:01.656 136569-- Reading syms from /usr/libexec/valgrind/vgpreload_memcheck-amd64-linux.so
==00:00:00:01.671 136569== WARNING: new redirection conflicts with existing -- ignoring it
--00:00:00:01.671 136569--     old: 0x04025320 (strcmp              ) R-> (0000.0) 0x5823e2d7 vgPlain_amd64_linux_REDIR_FOR_strcmp
--00:00:00:01.683 136569--     new: 0x04025320 (strcmp              ) R-> (2016.0) 0x04849970 strcmp
==00:00:00:01.683 136569== WARNING: new redirection conflicts with existing -- ignoring it
--00:00:00:01.683 136569--     old: 0x04026960 (strlen              ) R-> (0000.0) 0x5823e2bd vgPlain_amd64_linux_REDIR_FOR_strlen
--00:00:00:01.683 136569--     new: 0x04026960 (strlen              ) R-> (2007.0) 0x04848540 strlen
--00:00:00:01.703 136569-- REDIR: 0x4024750 (ld-linux-x86-64.so.2:mempcpy) redirected to 0x484e100 (mempcpy)
--00:00:00:01.709 136569-- Reading syms from /usr/lib64/libc.so.6
==00:00:00:01.724 136569== Downloading debug info for /usr/lib64/libc.so.6...
--00:00:00:01.759 136569--   Considering /home/drmlopes/.cache/debuginfod_client/48c4b9b1efb1df15da8e787f489128bf31893317/debuginfo ..
--00:00:00:01.810 136569--   .. CRC is valid
==00:00:00:01.810 136569== Successfully downloaded debug file for /usr/lib64/libc.so.6
--00:00:00:02.774 136569-- REDIR: 0x4026b00 (ld-linux-x86-64.so.2:strncmp) redirected to 0x4849110 (strncmp)
--00:00:00:02.813 136569-- REDIR: 0x48fd8c0 (libc.so.6:strnlen) redirected to 0x483a4ba (_vgnU_ifunc_wrapper)
--00:00:00:02.815 136569-- REDIR: 0x48fd940 (libc.so.6:strpbrk) redirected to 0x483a4ba (_vgnU_ifunc_wrapper)
--00:00:00:02.816 136569-- REDIR: 0x48fb980 (libc.so.6:strcmp) redirected to 0x483a4ba (_vgnU_ifunc_wrapper)
--00:00:00:02.817 136569-- REDIR: 0x4912af0 (libc.so.6:wcsnlen) redirected to 0x483a4ba (_vgnU_ifunc_wrapper)
--00:00:00:02.817 136569-- REDIR: 0x48fa9e0 (libc.so.6:memset) redirected to 0x483a4ba (_vgnU_ifunc_wrapper)
--00:00:00:02.819 136569-- REDIR: 0x49121b0 (libc.so.6:wcslen) redirected to 0x483a4ba (_vgnU_ifunc_wrapper)
--00:00:00:02.821 136569-- REDIR: 0x4974400 (libc.so.6:__memcpy_chk) redirected to 0x483a4ba (_vgnU_ifunc_wrapper)
--00:00:00:02.822 136569-- REDIR: 0x48fa960 (libc.so.6:memrchr) redirected to 0x483a4ba (_vgnU_ifunc_wrapper)
--00:00:00:02.823 136569-- REDIR: 0x4912a80 (libc.so.6:wcsncpy) redirected to 0x483a4ba (_vgnU_ifunc_wrapper)
--00:00:00:02.824 136569-- REDIR: 0x48f9e70 (libc.so.6:memcpy@@GLIBC_2.14) redirected to 0x483a4ba (_vgnU_ifunc_wrapper)
--00:00:00:02.825 136569-- REDIR: 0x4910fe0 (libc.so.6:wcschr) redirected to 0x483a4ba (_vgnU_ifunc_wrapper)
--00:00:00:02.826 136569-- REDIR: 0x48fb880 (libc.so.6:index) redirected to 0x483a4ba (_vgnU_ifunc_wrapper)
--00:00:00:02.827 136569-- REDIR: 0x48fd970 (libc.so.6:rindex) redirected to 0x483a4ba (_vgnU_ifunc_wrapper)
--00:00:00:02.828 136569-- REDIR: 0x4911080 (libc.so.6:wcscmp) redirected to 0x483a4ba (_vgnU_ifunc_wrapper)
--00:00:00:02.829 136569-- REDIR: 0x48fac30 (libc.so.6:stpncpy) redirected to 0x483a4ba (_vgnU_ifunc_wrapper)
--00:00:00:02.830 136569-- REDIR: 0x491ed60 (libc.so.6:wmemchr) redirected to 0x483a4ba (_vgnU_ifunc_wrapper)
--00:00:00:02.832 136569-- REDIR: 0x48fd760 (libc.so.6:strncmp) redirected to 0x483a4ba (_vgnU_ifunc_wrapper)
--00:00:00:02.832 136569-- REDIR: 0x48fac90 (libc.so.6:strcasecmp) redirected to 0x483a4ba (_vgnU_ifunc_wrapper)
--00:00:00:02.833 136569-- REDIR: 0x48fca60 (libc.so.6:strcspn) redirected to 0x483a4ba (_vgnU_ifunc_wrapper)
--00:00:00:02.834 136569-- REDIR: 0x4911f90 (libc.so.6:wcscpy) redirected to 0x483a4ba (_vgnU_ifunc_wrapper)
--00:00:00:02.835 136569-- REDIR: 0x48fb810 (libc.so.6:strcat) redirected to 0x483a4ba (_vgnU_ifunc_wrapper)
--00:00:00:02.835 136569-- REDIR: 0x48fd660 (libc.so.6:strncasecmp_l) redirected to 0x483a4ba (_vgnU_ifunc_wrapper)
--00:00:00:02.836 136569-- REDIR: 0x48fb900 (libc.so.6:strchrnul) redirected to 0x483a4ba (_vgnU_ifunc_wrapper)
--00:00:00:02.837 136569-- REDIR: 0x48f9d80 (libc.so.6:bcmp) redirected to 0x483a4ba (_vgnU_ifunc_wrapper)
--00:00:00:02.838 136569-- REDIR: 0x48fc9f0 (libc.so.6:strcpy) redirected to 0x483a4ba (_vgnU_ifunc_wrapper)
--00:00:00:02.839 136569-- REDIR: 0x48fad30 (libc.so.6:strcasecmp_l) redirected to 0x483a4ba (_vgnU_ifunc_wrapper)
--00:00:00:02.841 136569-- REDIR: 0x48fd540 (libc.so.6:strlen) redirected to 0x483a4ba (_vgnU_ifunc_wrapper)
--00:00:00:02.842 136569-- REDIR: 0x48fd800 (libc.so.6:strncpy) redirected to 0x483a4ba (_vgnU_ifunc_wrapper)
--00:00:00:02.843 136569-- REDIR: 0x491ede0 (libc.so.6:wmemcmp) redirected to 0x483a4ba (_vgnU_ifunc_wrapper)
--00:00:00:02.844 136569-- REDIR: 0x4974510 (libc.so.6:__memmove_chk) redirected to 0x483a4ba (_vgnU_ifunc_wrapper)
==00:00:00:02.845 136569== WARNING: new redirection conflicts with existing -- ignoring it
--00:00:00:02.845 136569--     old: 0x049b9e10 (__memcpy_chk_avx_una) R-> (2030.0) 0x0484e210 __memcpy_chk
--00:00:00:02.845 136569--     new: 0x049b9e10 (__memcpy_chk_avx_una) R-> (2024.0) 0x0484dae0 __memmove_chk
--00:00:00:02.845 136569-- REDIR: 0x48fabc0 (libc.so.6:stpcpy) redirected to 0x483a4ba (_vgnU_ifunc_wrapper)
--00:00:00:02.846 136569-- REDIR: 0x48fa740 (libc.so.6:memmove) redirected to 0x483a4ba (_vgnU_ifunc_wrapper)
==00:00:00:02.847 136569== Preferring higher priority redirection:
--00:00:00:02.847 136569--     old: 0x049b9e40 (__memcpy_avx_unalign) R-> (2018.0) 0x0484b020 __memcpy_avx_unaligned_erms
--00:00:00:02.847 136569--     new: 0x049b9e40 (__memcpy_avx_unalign) R-> (2018.1) 0x0484cdb0 memmove
--00:00:00:02.847 136569-- REDIR: 0x48f9d00 (libc.so.6:memchr) redirected to 0x483a4ba (_vgnU_ifunc_wrapper)
--00:00:00:02.848 136569-- REDIR: 0x48fdb70 (libc.so.6:strspn) redirected to 0x483a4ba (_vgnU_ifunc_wrapper)
--00:00:00:02.848 136569-- REDIR: 0x4910bf0 (libc.so.6:wcpncpy) redirected to 0x483a4ba (_vgnU_ifunc_wrapper)
--00:00:00:02.849 136569-- REDIR: 0x48fa850 (libc.so.6:mempcpy) redirected to 0x483a4ba (_vgnU_ifunc_wrapper)
--00:00:00:02.850 136569-- REDIR: 0x48fd5c0 (libc.so.6:strncasecmp) redirected to 0x483a4ba (_vgnU_ifunc_wrapper)
--00:00:00:02.897 136569-- REDIR: 0x49bea70 (libc.so.6:__strrchr_avx2) redirected to 0x4847ca0 (rindex)
--00:00:00:02.914 136569-- REDIR: 0x49bc220 (libc.so.6:__strchrnul_avx2) redirected to 0x484db80 (strchrnul)
--00:00:00:02.915 136569-- REDIR: 0x49b9e40 (libc.so.6:__memcpy_avx_unaligned_erms) redirected to 0x484cdb0 (memmove)
--00:00:00:02.921 136569-- REDIR: 0x48f5b10 (libc.so.6:malloc) redirected to 0x483eab0 (malloc)
--00:00:00:02.931 136569-- REDIR: 0x49b9e00 (libc.so.6:__mempcpy_avx_unaligned_erms) redirected to 0x484dcc0 (mempcpy)
--00:00:00:02.933 136569-- REDIR: 0x49bcbc0 (libc.so.6:__strlen_avx2) redirected to 0x4848420 (strlen)
--00:00:00:08.252 136569-- REDIR: 0x49b9440 (libc.so.6:__memchr_avx2) redirected to 0x4849a30 (memchr)
--00:00:00:08.254 136569-- REDIR: 0x49d9640 (libc.so.6:__strcspn_sse42) redirected to 0x484e460 (strcspn)
--00:00:00:41.628 136569-- REDIR: 0x49bc970 (libc.so.6:__strcpy_avx2) redirected to 0x4848570 (strcpy)
--00:00:00:51.396 136569-- REDIR: 0x48f6260 (libc.so.6:free) redirected to 0x4841dd1 (free)
--00:00:02:09.747 136569-- REDIR: 0x49bc410 (libc.so.6:__strcmp_avx2) redirected to 0x48497f0 (strcmp)
