--00:00:00:00.000 17538-- 
--00:00:00:00.000 17538-- Valgrind options:
--00:00:00:00.000 17538--    --tool=memcheck
--00:00:00:00.000 17538--    --xml=yes
--00:00:00:00.000 17538--    --xml-file=/tmp/clion-valgrindc9ba77e8-5c2a-4703-8e25-96a9eee30fea/valgrind_output_%p
--00:00:00:00.000 17538--    --gen-suppressions=all
--00:00:00:00.000 17538--    --leak-check=full
--00:00:00:00.000 17538--    --leak-resolution=high
--00:00:00:00.000 17538--    --track-origins=yes
--00:00:00:00.000 17538--    --show-leak-kinds=all
--00:00:00:00.000 17538--    --verbose
--00:00:00:00.000 17538--    --show-mismatched-frees=yes
--00:00:00:00.000 17538--    --track-fds=yes
--00:00:00:00.000 17538--    --show-reachable=yes
--00:00:00:00.000 17538--    --show-possibly-lost=yes
--00:00:00:00.000 17538--    --num-callers=30
--00:00:00:00.000 17538--    --partial-loads-ok=no
--00:00:00:00.000 17538--    --undef-value-errors=yes
--00:00:00:00.000 17538--    --expensive-definedness-checks=yes
--00:00:00:00.000 17538--    --vgdb=full
--00:00:00:00.000 17538--    --child-silent-after-fork=yes
--00:00:00:00.000 17538--    --trace-children=no
--00:00:00:00.000 17538--    --error-exitcode=1
--00:00:00:00.000 17538--    --time-stamp=yes
--00:00:00:00.000 17538--    --keep-debuginfo=yes
--00:00:00:00.000 17538--    --read-inline-info=yes
--00:00:00:00.000 17538--    --read-var-info=yes
--00:00:00:00.000 17538--    --show-error-list=yes
--00:00:00:00.000 17538--    --log-file=valgrind-log.%p.log
--00:00:00:00.000 17538--    --suppressions=/usr/libexec/valgrind/default.supp
--00:00:00:00.000 17538-- Contents of /proc/version:
--00:00:00:00.000 17538--   Linux version 6.16.9-200.fc42.x86_64 (mockbuild@6dc21e01f2424f7d9092959c587af2c9) (gcc (GCC) 15.2.1 20250808 (Red Hat 15.2.1-1), GNU ld version 2.44-6.fc42) #1 SMP PREEMPT_DYNAMIC Thu Sep 25 18:05:50 UTC 2025
--00:00:00:00.000 17538-- 
--00:00:00:00.000 17538-- Arch and hwcaps: AMD64, LittleEndian, amd64-cx16-lzcnt-rdtscp-sse3-ssse3-avx-avx2-bmi-f16c-rdrand-rdseed-fma
--00:00:00:00.000 17538-- Page sizes: currently 4096, max supported 4096
--00:00:00:00.000 17538-- Valgrind library directory: /usr/libexec/valgrind
--00:00:00:00.080 17538-- Reading syms from /home/drmlopes/CLionProjects/22000297/AED_1/cmake-build-debug/AED_1
--00:00:00:00.082 17538-- Reading syms from /usr/lib64/ld-linux-x86-64.so.2
--00:00:00:00.127 17538-- Warning: cross-CU LIMITATION: some inlined fn names
--00:00:00:00.127 17538-- might be shown as UnknownInlinedFun
--00:00:00:00.265 17538-- warning: addVar: unknown size (buf)
--00:00:00:00.265 17538-- warning: addVar: unknown size (buf)
--00:00:00:00.265 17538-- warning: addVar: unknown size (buf)
--00:00:00:00.265 17538-- warning: addVar: unknown size (buf)
--00:00:00:00.265 17538-- warning: addVar: unknown size (buf)
--00:00:00:00.265 17538-- warning: addVar: unknown size (buf)
--00:00:00:00.265 17538-- warning: addVar: unknown size (buf)
--00:00:00:00.265 17538-- warning: addVar: unknown size (loadcmds)
--00:00:00:00.265 17538-- warning: addVar: unknown size (loadcmds)
--00:00:00:00.265 17538-- warning: addVar: unknown size (loadcmds)
--00:00:00:00.275 17538-- Reading syms from /usr/libexec/valgrind/memcheck-amd64-linux
--00:00:00:00.282 17538-- Scheduler: using generic scheduler lock implementation.
--00:00:00:00.285 17538-- Reading suppressions file: /usr/libexec/valgrind/default.supp
--00:00:00:00.286 17538-- Reading suppressions file: /usr/libexec/valgrind/default.supp
==00:00:00:00.288 17538== embedded gdbserver: reading from /tmp/vgdb-pipe-from-vgdb-to-17538-by-drmlopes-on-fedora
==00:00:00:00.288 17538== embedded gdbserver: writing to   /tmp/vgdb-pipe-to-vgdb-from-17538-by-drmlopes-on-fedora
==00:00:00:00.288 17538== embedded gdbserver: shared mem   /tmp/vgdb-pipe-shared-mem-vgdb-17538-by-drmlopes-on-fedora
==00:00:00:00.288 17538== 
==00:00:00:00.288 17538== TO CONTROL THIS PROCESS USING vgdb (which you probably
==00:00:00:00.288 17538== don't want to do, unless you know exactly what you're doing,
==00:00:00:00.288 17538== or are doing some strange experiment):
==00:00:00:00.288 17538==   /usr/libexec/valgrind/../../bin/vgdb --pid=17538 ...command...
==00:00:00:00.288 17538== 
==00:00:00:00.288 17538== TO DEBUG THIS PROCESS USING GDB: start GDB like this
==00:00:00:00.288 17538==   /path/to/gdb /home/drmlopes/CLionProjects/22000297/AED_1/cmake-build-debug/AED_1
==00:00:00:00.288 17538== and then give GDB the following command
==00:00:00:00.288 17538==   target remote | /usr/libexec/valgrind/../../bin/vgdb --pid=17538
==00:00:00:00.288 17538== --pid is optional if only one valgrind process is running
==00:00:00:00.288 17538== 
==00:00:00:00.383 17538== Downloading debug info for /usr/libexec/valgrind/memcheck-amd64-linux...
--00:00:00:13.579 17538--   Considering /home/drmlopes/.cache/debuginfod_client/754e638d7d8e5a4ee6c2b5456c053a50d89ae698/debuginfo ..
--00:00:00:13.638 17538--   .. CRC is valid
==00:00:00:13.638 17538== Successfully downloaded debug file for /usr/libexec/valgrind/memcheck-amd64-linux
==00:00:00:13.638 17538== Downloading debug info for /home/drmlopes/.cache/debuginfod_client/754e638d7d8e5a4ee6c2b5456c053a50d89ae698/debuginfo...
--00:00:00:15.474 17538--   Considering /home/drmlopes/.cache/debuginfod_client/3e399a29d5322d083cfee11d8bb47ad6f1ef076b/debuginfo ..
--00:00:00:15.474 17538--   .. build-id is valid
==00:00:00:15.474 17538== Successfully downloaded debug file for /home/drmlopes/.cache/debuginfod_client/754e638d7d8e5a4ee6c2b5456c053a50d89ae698/debuginfo
--00:00:00:16.610 17538-- REDIR: 0x4026960 (ld-linux-x86-64.so.2:strlen) redirected to 0x5823e2bd (vgPlain_amd64_linux_REDIR_FOR_strlen)
--00:00:00:16.625 17538-- REDIR: 0x4025320 (ld-linux-x86-64.so.2:strcmp) redirected to 0x5823e2d7 (vgPlain_amd64_linux_REDIR_FOR_strcmp)
--00:00:00:16.631 17538-- REDIR: 0x40250f0 (ld-linux-x86-64.so.2:index) redirected to 0x5823e310 (vgPlain_amd64_linux_REDIR_FOR_index)
--00:00:00:16.635 17538-- REDIR: 0x4024480 (ld-linux-x86-64.so.2:bcmp) redirected to 0x5823e2f2 (vgPlain_amd64_linux_REDIR_FOR_memcmp)
--00:00:00:16.676 17538-- Reading syms from /usr/libexec/valgrind/vgpreload_core-amd64-linux.so
--00:00:00:16.689 17538-- Reading syms from /usr/libexec/valgrind/vgpreload_memcheck-amd64-linux.so
==00:00:00:16.705 17538== WARNING: new redirection conflicts with existing -- ignoring it
--00:00:00:16.705 17538--     old: 0x04025320 (strcmp              ) R-> (0000.0) 0x5823e2d7 vgPlain_amd64_linux_REDIR_FOR_strcmp
--00:00:00:16.718 17538--     new: 0x04025320 (strcmp              ) R-> (2016.0) 0x04849970 strcmp
==00:00:00:16.718 17538== WARNING: new redirection conflicts with existing -- ignoring it
--00:00:00:16.718 17538--     old: 0x04026960 (strlen              ) R-> (0000.0) 0x5823e2bd vgPlain_amd64_linux_REDIR_FOR_strlen
--00:00:00:16.718 17538--     new: 0x04026960 (strlen              ) R-> (2007.0) 0x04848540 strlen
--00:00:00:16.740 17538-- REDIR: 0x4024750 (ld-linux-x86-64.so.2:mempcpy) redirected to 0x484e100 (mempcpy)
--00:00:00:16.746 17538-- Reading syms from /usr/lib64/libc.so.6
==00:00:00:16.763 17538== Downloading debug info for /usr/lib64/libc.so.6...
--00:00:00:20.634 17538--   Considering /home/drmlopes/.cache/debuginfod_client/48c4b9b1efb1df15da8e787f489128bf31893317/debuginfo ..
--00:00:00:20.666 17538--   .. CRC is valid
==00:00:00:20.666 17538== Successfully downloaded debug file for /usr/lib64/libc.so.6
--00:00:00:21.713 17538-- REDIR: 0x4026b00 (ld-linux-x86-64.so.2:strncmp) redirected to 0x4849110 (strncmp)
--00:00:00:21.753 17538-- REDIR: 0x48fd8c0 (libc.so.6:strnlen) redirected to 0x483a4ba (_vgnU_ifunc_wrapper)
--00:00:00:21.754 17538-- REDIR: 0x48fd940 (libc.so.6:strpbrk) redirected to 0x483a4ba (_vgnU_ifunc_wrapper)
--00:00:00:21.754 17538-- REDIR: 0x48fb980 (libc.so.6:strcmp) redirected to 0x483a4ba (_vgnU_ifunc_wrapper)
--00:00:00:21.755 17538-- REDIR: 0x4912af0 (libc.so.6:wcsnlen) redirected to 0x483a4ba (_vgnU_ifunc_wrapper)
--00:00:00:21.756 17538-- REDIR: 0x48fa9e0 (libc.so.6:memset) redirected to 0x483a4ba (_vgnU_ifunc_wrapper)
--00:00:00:21.757 17538-- REDIR: 0x49121b0 (libc.so.6:wcslen) redirected to 0x483a4ba (_vgnU_ifunc_wrapper)
--00:00:00:21.758 17538-- REDIR: 0x4974400 (libc.so.6:__memcpy_chk) redirected to 0x483a4ba (_vgnU_ifunc_wrapper)
--00:00:00:21.759 17538-- REDIR: 0x48fa960 (libc.so.6:memrchr) redirected to 0x483a4ba (_vgnU_ifunc_wrapper)
--00:00:00:21.761 17538-- REDIR: 0x4912a80 (libc.so.6:wcsncpy) redirected to 0x483a4ba (_vgnU_ifunc_wrapper)
--00:00:00:21.762 17538-- REDIR: 0x48f9e70 (libc.so.6:memcpy@@GLIBC_2.14) redirected to 0x483a4ba (_vgnU_ifunc_wrapper)
--00:00:00:21.763 17538-- REDIR: 0x4910fe0 (libc.so.6:wcschr) redirected to 0x483a4ba (_vgnU_ifunc_wrapper)
--00:00:00:21.764 17538-- REDIR: 0x48fb880 (libc.so.6:index) redirected to 0x483a4ba (_vgnU_ifunc_wrapper)
--00:00:00:21.765 17538-- REDIR: 0x48fd970 (libc.so.6:rindex) redirected to 0x483a4ba (_vgnU_ifunc_wrapper)
--00:00:00:21.766 17538-- REDIR: 0x4911080 (libc.so.6:wcscmp) redirected to 0x483a4ba (_vgnU_ifunc_wrapper)
--00:00:00:21.767 17538-- REDIR: 0x48fac30 (libc.so.6:stpncpy) redirected to 0x483a4ba (_vgnU_ifunc_wrapper)
--00:00:00:21.768 17538-- REDIR: 0x491ed60 (libc.so.6:wmemchr) redirected to 0x483a4ba (_vgnU_ifunc_wrapper)
--00:00:00:21.769 17538-- REDIR: 0x48fd760 (libc.so.6:strncmp) redirected to 0x483a4ba (_vgnU_ifunc_wrapper)
--00:00:00:21.770 17538-- REDIR: 0x48fac90 (libc.so.6:strcasecmp) redirected to 0x483a4ba (_vgnU_ifunc_wrapper)
--00:00:00:21.770 17538-- REDIR: 0x48fca60 (libc.so.6:strcspn) redirected to 0x483a4ba (_vgnU_ifunc_wrapper)
--00:00:00:21.771 17538-- REDIR: 0x4911f90 (libc.so.6:wcscpy) redirected to 0x483a4ba (_vgnU_ifunc_wrapper)
--00:00:00:21.772 17538-- REDIR: 0x48fb810 (libc.so.6:strcat) redirected to 0x483a4ba (_vgnU_ifunc_wrapper)
--00:00:00:21.772 17538-- REDIR: 0x48fd660 (libc.so.6:strncasecmp_l) redirected to 0x483a4ba (_vgnU_ifunc_wrapper)
--00:00:00:21.773 17538-- REDIR: 0x48fb900 (libc.so.6:strchrnul) redirected to 0x483a4ba (_vgnU_ifunc_wrapper)
--00:00:00:21.774 17538-- REDIR: 0x48f9d80 (libc.so.6:bcmp) redirected to 0x483a4ba (_vgnU_ifunc_wrapper)
--00:00:00:21.775 17538-- REDIR: 0x48fc9f0 (libc.so.6:strcpy) redirected to 0x483a4ba (_vgnU_ifunc_wrapper)
--00:00:00:21.776 17538-- REDIR: 0x48fad30 (libc.so.6:strcasecmp_l) redirected to 0x483a4ba (_vgnU_ifunc_wrapper)
--00:00:00:21.778 17538-- REDIR: 0x48fd540 (libc.so.6:strlen) redirected to 0x483a4ba (_vgnU_ifunc_wrapper)
--00:00:00:21.779 17538-- REDIR: 0x48fd800 (libc.so.6:strncpy) redirected to 0x483a4ba (_vgnU_ifunc_wrapper)
--00:00:00:21.780 17538-- REDIR: 0x491ede0 (libc.so.6:wmemcmp) redirected to 0x483a4ba (_vgnU_ifunc_wrapper)
--00:00:00:21.781 17538-- REDIR: 0x4974510 (libc.so.6:__memmove_chk) redirected to 0x483a4ba (_vgnU_ifunc_wrapper)
==00:00:00:21.782 17538== WARNING: new redirection conflicts with existing -- ignoring it
--00:00:00:21.782 17538--     old: 0x049b9e10 (__memcpy_chk_avx_una) R-> (2030.0) 0x0484e210 __memcpy_chk
--00:00:00:21.782 17538--     new: 0x049b9e10 (__memcpy_chk_avx_una) R-> (2024.0) 0x0484dae0 __memmove_chk
--00:00:00:21.782 17538-- REDIR: 0x48fabc0 (libc.so.6:stpcpy) redirected to 0x483a4ba (_vgnU_ifunc_wrapper)
--00:00:00:21.783 17538-- REDIR: 0x48fa740 (libc.so.6:memmove) redirected to 0x483a4ba (_vgnU_ifunc_wrapper)
==00:00:00:21.784 17538== Preferring higher priority redirection:
--00:00:00:21.784 17538--     old: 0x049b9e40 (__memcpy_avx_unalign) R-> (2018.0) 0x0484b020 __memcpy_avx_unaligned_erms
--00:00:00:21.784 17538--     new: 0x049b9e40 (__memcpy_avx_unalign) R-> (2018.1) 0x0484cdb0 memmove
--00:00:00:21.784 17538-- REDIR: 0x48f9d00 (libc.so.6:memchr) redirected to 0x483a4ba (_vgnU_ifunc_wrapper)
--00:00:00:21.785 17538-- REDIR: 0x48fdb70 (libc.so.6:strspn) redirected to 0x483a4ba (_vgnU_ifunc_wrapper)
--00:00:00:21.785 17538-- REDIR: 0x4910bf0 (libc.so.6:wcpncpy) redirected to 0x483a4ba (_vgnU_ifunc_wrapper)
--00:00:00:21.786 17538-- REDIR: 0x48fa850 (libc.so.6:mempcpy) redirected to 0x483a4ba (_vgnU_ifunc_wrapper)
--00:00:00:21.787 17538-- REDIR: 0x48fd5c0 (libc.so.6:strncasecmp) redirected to 0x483a4ba (_vgnU_ifunc_wrapper)
--00:00:00:21.834 17538-- REDIR: 0x49bea70 (libc.so.6:__strrchr_avx2) redirected to 0x4847ca0 (rindex)
--00:00:00:21.850 17538-- REDIR: 0x49bc220 (libc.so.6:__strchrnul_avx2) redirected to 0x484db80 (strchrnul)
--00:00:00:21.851 17538-- REDIR: 0x49b9e40 (libc.so.6:__memcpy_avx_unaligned_erms) redirected to 0x484cdb0 (memmove)
--00:00:00:21.864 17538-- REDIR: 0x48f5b10 (libc.so.6:malloc) redirected to 0x483eab0 (malloc)
--00:00:00:21.876 17538-- REDIR: 0x49b9e00 (libc.so.6:__mempcpy_avx_unaligned_erms) redirected to 0x484dcc0 (mempcpy)
--00:00:00:21.906 17538-- REDIR: 0x48f6260 (libc.so.6:free) redirected to 0x4841dd1 (free)
